TN:
SF:F:\solidity_projects\solidity_task\MetaNodeStake\contracts\MetaNodeStake.sol
FN:137,checkPid
FN:142,whenNotClaimPaused
FN:147,whenNotWithdrawPaused
FN:160,initialize
FN:179,_authorizeUpgrade
FN:190,setMetaNode
FN:199,pauseWithdraw
FN:210,unpauseWithdraw
FN:221,pauseClaim
FN:232,unpauseClaim
FN:243,setStartBlock
FN:254,setEndBlock
FN:265,setMetaNodePerBlock
FN:277,addPool
FN:312,updatePool
FN:322,setPoolWeight
FN:340,poolLength
FN:351,getMultiplier
FN:364,pendingMetaNode
FN:371,pendingMetaNodeByBlockNumber
FN:389,stakingBalance
FN:396,withdrawAmount
FN:412,updatePool
FN:446,massUpdatePools
FN:456,depositETH
FN:473,deposit
FN:491,unstake
FN:524,withdraw
FN:562,claim
FN:588,_deposit
FN:639,_safeMetaNodeTransfer
FN:655,_safeETHTransfer
FNF:32
FNH:27
FNDA:43,checkPid
FNDA:4,whenNotClaimPaused
FNDA:7,whenNotWithdrawPaused
FNDA:25,initialize
FNDA:0,_authorizeUpgrade
FNDA:25,setMetaNode
FNDA:1,pauseWithdraw
FNDA:1,unpauseWithdraw
FNDA:1,pauseClaim
FNDA:1,unpauseClaim
FNDA:0,setStartBlock
FNDA:0,setEndBlock
FNDA:1,setMetaNodePerBlock
FNDA:26,addPool
FNDA:1,updatePool
FNDA:1,setPoolWeight
FNDA:1,poolLength
FNDA:16,getMultiplier
FNDA:3,pendingMetaNode
FNDA:3,pendingMetaNodeByBlockNumber
FNDA:2,stakingBalance
FNDA:0,withdrawAmount
FNDA:21,updatePool
FNDA:1,massUpdatePools
FNDA:14,depositETH
FNDA:0,deposit
FNDA:5,unstake
FNDA:2,withdraw
FNDA:4,claim
FNDA:12,_deposit
FNDA:4,_safeMetaNodeTransfer
FNDA:1,_safeETHTransfer
DA:138,43
DA:139,42
DA:143,4
DA:144,4
DA:148,7
DA:149,7
DA:161,25
DA:163,25
DA:164,25
DA:165,25
DA:166,25
DA:167,25
DA:169,25
DA:171,25
DA:172,25
DA:173,25
DA:191,25
DA:193,25
DA:200,1
DA:202,1
DA:204,1
DA:211,1
DA:213,1
DA:215,1
DA:222,1
DA:224,1
DA:226,1
DA:233,1
DA:235,1
DA:237,1
DA:244,0
DA:246,0
DA:248,0
DA:255,0
DA:257,0
DA:259,0
DA:266,1
DA:268,1
DA:270,1
DA:279,26
DA:280,1
DA:282,25
DA:286,26
DA:287,25
DA:289,25
DA:290,0
DA:293,25
DA:294,25
DA:296,25
DA:306,25
DA:313,1
DA:314,1
DA:316,1
DA:323,1
DA:325,1
DA:326,1
DA:329,1
DA:330,1
DA:332,1
DA:341,1
DA:352,16
DA:353,16
DA:354,16
DA:355,16
DA:356,16
DA:357,16
DA:358,16
DA:365,3
DA:372,3
DA:373,3
DA:374,3
DA:375,3
DA:377,3
DA:378,2
DA:379,2
DA:380,2
DA:383,3
DA:390,2
DA:397,0
DA:399,0
DA:400,0
DA:401,0
DA:403,0
DA:413,21
DA:415,21
DA:416,7
DA:419,14
DA:420,14
DA:422,14
DA:423,14
DA:425,14
DA:426,14
DA:427,8
DA:428,8
DA:430,8
DA:431,8
DA:433,8
DA:434,8
DA:435,8
DA:438,14
DA:440,14
DA:447,1
DA:448,1
DA:449,1
DA:457,14
DA:458,14
DA:460,14
DA:461,14
DA:463,12
DA:474,0
DA:475,0
DA:476,0
DA:478,0
DA:479,0
DA:482,0
DA:492,5
DA:493,5
DA:495,5
DA:497,4
DA:499,4
DA:501,4
DA:502,3
DA:505,4
DA:506,3
DA:507,3
DA:513,4
DA:514,4
DA:516,4
DA:525,2
DA:526,2
DA:528,2
DA:529,2
DA:530,2
DA:531,2
DA:532,1
DA:534,1
DA:535,1
DA:538,2
DA:539,1
DA:542,2
DA:543,1
DA:546,2
DA:547,1
DA:548,1
DA:550,0
DA:554,2
DA:563,4
DA:564,4
DA:566,4
DA:568,4
DA:570,4
DA:571,4
DA:572,4
DA:575,4
DA:577,4
DA:589,12
DA:590,12
DA:592,12
DA:594,12
DA:596,0
DA:597,0
DA:598,0
DA:599,0
DA:601,0
DA:602,0
DA:604,0
DA:605,0
DA:606,0
DA:607,0
DA:611,12
DA:612,12
DA:613,12
DA:614,12
DA:617,12
DA:618,12
DA:619,12
DA:622,12
DA:623,12
DA:625,12
DA:626,12
DA:628,12
DA:630,12
DA:640,4
DA:642,4
DA:643,0
DA:645,4
DA:656,1
DA:660,1
DA:661,1
DA:662,0
LF:190
LH:159
BRDA:138,1,0,42
BRDA:138,1,1,1
BRDA:143,2,0,4
BRDA:143,2,1,0
BRDA:148,3,0,7
BRDA:148,3,1,0
BRDA:160,4,0,25
BRDA:160,4,1,0
BRDA:161,5,0,25
BRDA:161,5,1,0
BRDA:179,6,0,0
BRDA:179,6,1,0
BRDA:190,7,0,25
BRDA:190,7,1,0
BRDA:199,8,0,1
BRDA:199,8,1,1
BRDA:200,9,0,1
BRDA:200,9,1,0
BRDA:210,10,0,1
BRDA:210,10,1,0
BRDA:211,11,0,1
BRDA:211,11,1,0
BRDA:221,12,0,1
BRDA:221,12,1,0
BRDA:222,13,0,1
BRDA:222,13,1,0
BRDA:232,14,0,1
BRDA:232,14,1,0
BRDA:233,15,0,1
BRDA:233,15,1,0
BRDA:243,16,0,0
BRDA:243,16,1,0
BRDA:244,17,0,0
BRDA:244,17,1,0
BRDA:254,18,0,0
BRDA:254,18,1,0
BRDA:255,19,0,0
BRDA:255,19,1,0
BRDA:265,20,0,1
BRDA:265,20,1,0
BRDA:266,21,0,1
BRDA:266,21,1,0
BRDA:277,22,0,26
BRDA:277,22,1,0
BRDA:279,23,0,1
BRDA:279,23,1,25
BRDA:280,24,0,1
BRDA:280,24,1,0
BRDA:282,25,0,25
BRDA:282,25,1,0
BRDA:286,26,0,25
BRDA:286,26,1,1
BRDA:287,27,0,25
BRDA:287,27,1,0
BRDA:289,28,0,0
BRDA:289,28,1,25
BRDA:293,29,0,0
BRDA:293,29,1,25
BRDA:312,30,0,1
BRDA:312,30,1,0
BRDA:312,31,0,1
BRDA:312,31,1,0
BRDA:322,32,0,1
BRDA:322,32,1,0
BRDA:322,33,0,1
BRDA:322,33,1,0
BRDA:323,34,0,1
BRDA:323,34,1,0
BRDA:325,35,0,1
BRDA:325,35,1,0
BRDA:352,36,0,16
BRDA:352,36,1,0
BRDA:353,37,0,0
BRDA:353,37,1,16
BRDA:354,38,0,0
BRDA:354,38,1,16
BRDA:355,39,0,16
BRDA:355,39,1,0
BRDA:358,40,0,16
BRDA:358,40,1,0
BRDA:364,41,0,3
BRDA:364,41,1,0
BRDA:371,42,0,3
BRDA:371,42,1,0
BRDA:377,43,0,2
BRDA:377,43,1,1
BRDA:389,44,0,2
BRDA:389,44,1,0
BRDA:396,45,0,0
BRDA:396,45,1,0
BRDA:400,46,0,0
BRDA:400,46,1,0
BRDA:412,47,0,21
BRDA:412,47,1,0
BRDA:415,48,0,7
BRDA:415,48,1,14
BRDA:420,49,0,14
BRDA:420,49,1,0
BRDA:423,50,0,14
BRDA:423,50,1,0
BRDA:426,51,0,8
BRDA:426,51,1,6
BRDA:428,52,0,8
BRDA:428,52,1,0
BRDA:431,53,0,8
BRDA:431,53,1,0
BRDA:434,54,0,8
BRDA:434,54,1,0
BRDA:456,55,0,14
BRDA:456,55,1,0
BRDA:458,56,0,14
BRDA:458,56,1,0
BRDA:461,57,0,12
BRDA:461,57,1,2
BRDA:473,58,0,1
BRDA:473,58,1,0
BRDA:473,59,0,0
BRDA:473,59,1,1
BRDA:474,60,0,0
BRDA:474,60,1,0
BRDA:476,61,0,0
BRDA:476,61,1,0
BRDA:478,62,0,0
BRDA:478,62,1,0
BRDA:491,63,0,5
BRDA:491,63,1,0
BRDA:491,64,0,5
BRDA:491,64,1,0
BRDA:491,65,0,5
BRDA:491,65,1,0
BRDA:495,66,0,4
BRDA:495,66,1,1
BRDA:501,67,0,3
BRDA:501,67,1,1
BRDA:505,68,0,3
BRDA:505,68,1,1
BRDA:524,69,0,2
BRDA:524,69,1,0
BRDA:524,70,0,2
BRDA:524,70,1,0
BRDA:524,71,0,2
BRDA:524,71,1,0
BRDA:531,72,0,1
BRDA:531,72,1,1
BRDA:546,73,0,1
BRDA:546,73,1,1
BRDA:547,74,0,1
BRDA:547,74,1,0
BRDA:562,75,0,4
BRDA:562,75,1,0
BRDA:562,76,0,4
BRDA:562,76,1,0
BRDA:562,77,0,4
BRDA:562,77,1,0
BRDA:570,78,0,4
BRDA:570,78,1,0
BRDA:594,79,0,0
BRDA:594,79,1,12
BRDA:597,80,0,0
BRDA:597,80,1,0
BRDA:599,81,0,0
BRDA:599,81,1,0
BRDA:602,82,0,0
BRDA:602,82,1,0
BRDA:604,83,0,0
BRDA:604,83,1,0
BRDA:606,84,0,0
BRDA:606,84,1,0
BRDA:611,85,0,12
BRDA:611,85,1,0
BRDA:613,86,0,12
BRDA:613,86,1,0
BRDA:618,87,0,12
BRDA:618,87,1,0
BRDA:623,88,0,12
BRDA:623,88,1,0
BRDA:626,89,0,12
BRDA:626,89,1,0
BRDA:642,90,0,0
BRDA:642,90,1,4
BRDA:660,91,0,1
BRDA:660,91,1,0
BRDA:661,92,0,0
BRDA:661,92,1,1
BRDA:662,93,0,0
BRDA:662,93,1,0
BRF:186
BRH:90
end_of_record
TN:
SF:F:\solidity_projects\solidity_task\MetaNodeStake\contracts\RewardToken.sol
FN:7,constructor
FNF:1
FNH:1
FNDA:25,constructor
DA:9,25
LF:1
LH:1
BRF:0
BRH:0
end_of_record
