{"contracts\\MetaNodeStake.sol":{"l":{"138":43,"139":42,"143":4,"144":4,"148":7,"149":7,"161":25,"163":25,"164":25,"165":25,"166":25,"167":25,"169":25,"171":25,"172":25,"173":25,"191":25,"193":25,"200":1,"202":1,"204":1,"211":1,"213":1,"215":1,"222":1,"224":1,"226":1,"233":1,"235":1,"237":1,"244":0,"246":0,"248":0,"255":0,"257":0,"259":0,"266":1,"268":1,"270":1,"279":26,"280":1,"282":25,"286":26,"287":25,"289":25,"290":0,"293":25,"294":25,"296":25,"306":25,"313":1,"314":1,"316":1,"323":1,"325":1,"326":1,"329":1,"330":1,"332":1,"341":1,"352":16,"353":16,"354":16,"355":16,"356":16,"357":16,"358":16,"365":3,"372":3,"373":3,"374":3,"375":3,"377":3,"378":2,"379":2,"380":2,"383":3,"390":2,"397":0,"399":0,"400":0,"401":0,"403":0,"413":21,"415":21,"416":7,"419":14,"420":14,"422":14,"423":14,"425":14,"426":14,"427":8,"428":8,"430":8,"431":8,"433":8,"434":8,"435":8,"438":14,"440":14,"447":1,"448":1,"449":1,"457":14,"458":14,"460":14,"461":14,"463":12,"474":0,"475":0,"476":0,"478":0,"479":0,"482":0,"492":5,"493":5,"495":5,"497":4,"499":4,"501":4,"502":3,"505":4,"506":3,"507":3,"513":4,"514":4,"516":4,"525":2,"526":2,"528":2,"529":2,"530":2,"531":2,"532":1,"534":1,"535":1,"538":2,"539":1,"542":2,"543":1,"546":2,"547":1,"548":1,"550":0,"554":2,"563":4,"564":4,"566":4,"568":4,"570":4,"571":4,"572":4,"575":4,"577":4,"589":12,"590":12,"592":12,"594":12,"596":0,"597":0,"598":0,"599":0,"601":0,"602":0,"604":0,"605":0,"606":0,"607":0,"611":12,"612":12,"613":12,"614":12,"617":12,"618":12,"619":12,"622":12,"623":12,"625":12,"626":12,"628":12,"630":12,"640":4,"642":4,"643":0,"645":4,"656":1,"660":1,"661":1,"662":0},"path":"F:\\solidity_projects\\solidity_task\\MetaNodeStake\\contracts\\MetaNodeStake.sol","s":{"1":43,"2":4,"3":7,"4":25,"5":25,"6":25,"7":25,"8":25,"9":25,"10":25,"11":25,"12":1,"13":1,"14":1,"15":1,"16":1,"17":1,"18":1,"19":1,"20":0,"21":0,"22":0,"23":0,"24":1,"25":1,"26":26,"27":1,"28":25,"29":26,"30":25,"31":25,"32":0,"33":25,"34":25,"35":25,"36":1,"37":1,"38":1,"39":1,"40":1,"41":1,"42":16,"43":16,"44":16,"45":16,"46":16,"47":16,"48":3,"49":3,"50":3,"51":3,"52":3,"53":3,"54":2,"55":2,"56":3,"57":2,"58":0,"59":0,"60":0,"61":21,"62":21,"63":7,"64":14,"65":14,"66":14,"67":14,"68":14,"69":8,"70":8,"71":8,"72":8,"73":8,"74":14,"75":1,"76":1,"77":1,"78":14,"79":14,"80":14,"81":14,"82":12,"83":0,"84":0,"85":0,"86":0,"87":0,"88":0,"89":5,"90":5,"91":5,"92":4,"93":4,"94":4,"95":4,"96":3,"97":4,"98":2,"99":2,"100":2,"101":2,"102":2,"103":2,"104":2,"105":2,"106":1,"107":2,"108":1,"109":1,"110":0,"111":2,"112":4,"113":4,"114":4,"115":4,"116":4,"117":4,"118":4,"119":12,"120":12,"121":12,"122":12,"123":0,"124":0,"125":0,"126":0,"127":0,"128":0,"129":0,"130":0,"131":12,"132":12,"133":12,"134":12,"135":12,"136":12,"137":12,"138":12,"139":12,"140":4,"141":4,"142":0,"143":4,"144":1,"145":1,"146":1,"147":0},"b":{"1":[42,1],"2":[4,0],"3":[7,0],"4":[25,0],"5":[25,0],"6":[0,0],"7":[25,0],"8":[1,1],"9":[1,0],"10":[1,0],"11":[1,0],"12":[1,0],"13":[1,0],"14":[1,0],"15":[1,0],"16":[0,0],"17":[0,0],"18":[0,0],"19":[0,0],"20":[1,0],"21":[1,0],"22":[26,0],"23":[1,25],"24":[1,0],"25":[25,0],"26":[25,1],"27":[25,0],"28":[0,25],"29":[0,25],"30":[1,0],"31":[1,0],"32":[1,0],"33":[1,0],"34":[1,0],"35":[1,0],"36":[16,0],"37":[0,16],"38":[0,16],"39":[16,0],"40":[16,0],"41":[3,0],"42":[3,0],"43":[2,1],"44":[2,0],"45":[0,0],"46":[0,0],"47":[21,0],"48":[7,14],"49":[14,0],"50":[14,0],"51":[8,6],"52":[8,0],"53":[8,0],"54":[8,0],"55":[14,0],"56":[14,0],"57":[12,2],"58":[1,0],"59":[0,1],"60":[0,0],"61":[0,0],"62":[0,0],"63":[5,0],"64":[5,0],"65":[5,0],"66":[4,1],"67":[3,1],"68":[3,1],"69":[2,0],"70":[2,0],"71":[2,0],"72":[1,1],"73":[1,1],"74":[1,0],"75":[4,0],"76":[4,0],"77":[4,0],"78":[4,0],"79":[0,12],"80":[0,0],"81":[0,0],"82":[0,0],"83":[0,0],"84":[0,0],"85":[12,0],"86":[12,0],"87":[12,0],"88":[12,0],"89":[12,0],"90":[0,4],"91":[1,0],"92":[0,1],"93":[0,0]},"f":{"1":43,"2":4,"3":7,"4":25,"5":0,"6":25,"7":1,"8":1,"9":1,"10":1,"11":0,"12":0,"13":1,"14":26,"15":1,"16":1,"17":1,"18":16,"19":3,"20":3,"21":2,"22":0,"23":21,"24":1,"25":14,"26":0,"27":5,"28":2,"29":4,"30":12,"31":4,"32":1},"fnMap":{"1":{"name":"checkPid","line":137,"loc":{"start":{"line":137,"column":4},"end":{"line":140,"column":4}}},"2":{"name":"whenNotClaimPaused","line":142,"loc":{"start":{"line":142,"column":4},"end":{"line":145,"column":4}}},"3":{"name":"whenNotWithdrawPaused","line":147,"loc":{"start":{"line":147,"column":4},"end":{"line":150,"column":4}}},"4":{"name":"initialize","line":160,"loc":{"start":{"line":155,"column":4},"end":{"line":175,"column":4}}},"5":{"name":"_authorizeUpgrade","line":179,"loc":{"start":{"line":177,"column":4},"end":{"line":183,"column":4}}},"6":{"name":"setMetaNode","line":190,"loc":{"start":{"line":190,"column":4},"end":{"line":194,"column":4}}},"7":{"name":"pauseWithdraw","line":199,"loc":{"start":{"line":199,"column":4},"end":{"line":205,"column":4}}},"8":{"name":"unpauseWithdraw","line":210,"loc":{"start":{"line":210,"column":4},"end":{"line":216,"column":4}}},"9":{"name":"pauseClaim","line":221,"loc":{"start":{"line":221,"column":4},"end":{"line":227,"column":4}}},"10":{"name":"unpauseClaim","line":232,"loc":{"start":{"line":232,"column":4},"end":{"line":238,"column":4}}},"11":{"name":"setStartBlock","line":243,"loc":{"start":{"line":243,"column":4},"end":{"line":249,"column":4}}},"12":{"name":"setEndBlock","line":254,"loc":{"start":{"line":254,"column":4},"end":{"line":260,"column":4}}},"13":{"name":"setMetaNodePerBlock","line":265,"loc":{"start":{"line":265,"column":4},"end":{"line":271,"column":4}}},"14":{"name":"addPool","line":277,"loc":{"start":{"line":277,"column":4},"end":{"line":307,"column":4}}},"15":{"name":"updatePool","line":312,"loc":{"start":{"line":312,"column":4},"end":{"line":317,"column":4}}},"16":{"name":"setPoolWeight","line":322,"loc":{"start":{"line":322,"column":4},"end":{"line":333,"column":4}}},"17":{"name":"poolLength","line":340,"loc":{"start":{"line":340,"column":4},"end":{"line":342,"column":4}}},"18":{"name":"getMultiplier","line":351,"loc":{"start":{"line":351,"column":4},"end":{"line":359,"column":4}}},"19":{"name":"pendingMetaNode","line":364,"loc":{"start":{"line":364,"column":4},"end":{"line":366,"column":4}}},"20":{"name":"pendingMetaNodeByBlockNumber","line":371,"loc":{"start":{"line":371,"column":4},"end":{"line":384,"column":4}}},"21":{"name":"stakingBalance","line":389,"loc":{"start":{"line":389,"column":4},"end":{"line":391,"column":4}}},"22":{"name":"withdrawAmount","line":396,"loc":{"start":{"line":396,"column":4},"end":{"line":405,"column":4}}},"23":{"name":"updatePool","line":412,"loc":{"start":{"line":412,"column":4},"end":{"line":441,"column":4}}},"24":{"name":"massUpdatePools","line":446,"loc":{"start":{"line":446,"column":4},"end":{"line":451,"column":4}}},"25":{"name":"depositETH","line":456,"loc":{"start":{"line":456,"column":4},"end":{"line":464,"column":4}}},"26":{"name":"deposit","line":473,"loc":{"start":{"line":473,"column":4},"end":{"line":483,"column":4}}},"27":{"name":"unstake","line":491,"loc":{"start":{"line":491,"column":4},"end":{"line":517,"column":4}}},"28":{"name":"withdraw","line":524,"loc":{"start":{"line":524,"column":4},"end":{"line":555,"column":4}}},"29":{"name":"claim","line":562,"loc":{"start":{"line":562,"column":4},"end":{"line":578,"column":4}}},"30":{"name":"_deposit","line":588,"loc":{"start":{"line":588,"column":4},"end":{"line":631,"column":4}}},"31":{"name":"_safeMetaNodeTransfer","line":639,"loc":{"start":{"line":639,"column":4},"end":{"line":647,"column":4}}},"32":{"name":"_safeETHTransfer","line":655,"loc":{"start":{"line":655,"column":4},"end":{"line":667,"column":4}}}},"statementMap":{"1":{"start":{"line":138,"column":8},"end":{"line":138,"column":49}},"2":{"start":{"line":143,"column":8},"end":{"line":143,"column":47}},"3":{"start":{"line":148,"column":8},"end":{"line":148,"column":53}},"4":{"start":{"line":161,"column":8},"end":{"line":161,"column":87}},"5":{"start":{"line":163,"column":8},"end":{"line":163,"column":29}},"6":{"start":{"line":164,"column":8},"end":{"line":164,"column":31}},"7":{"start":{"line":165,"column":8},"end":{"line":165,"column":49}},"8":{"start":{"line":166,"column":8},"end":{"line":166,"column":43}},"9":{"start":{"line":167,"column":8},"end":{"line":167,"column":41}},"10":{"start":{"line":169,"column":8},"end":{"line":169,"column":29}},"11":{"start":{"line":193,"column":8},"end":{"line":193,"column":34}},"12":{"start":{"line":200,"column":8},"end":{"line":200,"column":67}},"13":{"start":{"line":204,"column":8},"end":{"line":204,"column":28}},"14":{"start":{"line":211,"column":8},"end":{"line":211,"column":68}},"15":{"start":{"line":215,"column":8},"end":{"line":215,"column":30}},"16":{"start":{"line":222,"column":8},"end":{"line":222,"column":61}},"17":{"start":{"line":226,"column":8},"end":{"line":226,"column":25}},"18":{"start":{"line":233,"column":8},"end":{"line":233,"column":62}},"19":{"start":{"line":237,"column":8},"end":{"line":237,"column":27}},"20":{"start":{"line":244,"column":8},"end":{"line":244,"column":85}},"21":{"start":{"line":248,"column":8},"end":{"line":248,"column":39}},"22":{"start":{"line":255,"column":8},"end":{"line":255,"column":85}},"23":{"start":{"line":259,"column":8},"end":{"line":259,"column":35}},"24":{"start":{"line":266,"column":8},"end":{"line":266,"column":58}},"25":{"start":{"line":270,"column":8},"end":{"line":270,"column":51}},"26":{"start":{"line":279,"column":8},"end":{"line":279,"column":9350}},"27":{"start":{"line":280,"column":12},"end":{"line":280,"column":84}},"28":{"start":{"line":282,"column":12},"end":{"line":282,"column":84}},"29":{"start":{"line":286,"column":8},"end":{"line":286,"column":74}},"30":{"start":{"line":287,"column":8},"end":{"line":287,"column":56}},"31":{"start":{"line":289,"column":8},"end":{"line":289,"column":9852}},"32":{"start":{"line":290,"column":12},"end":{"line":290,"column":28}},"33":{"start":{"line":293,"column":8},"end":{"line":293,"column":87}},"34":{"start":{"line":296,"column":8},"end":{"line":296,"column":10077}},"35":{"start":{"line":306,"column":8},"end":{"line":306,"column":108}},"36":{"start":{"line":316,"column":8},"end":{"line":316,"column":74}},"37":{"start":{"line":323,"column":8},"end":{"line":323,"column":54}},"38":{"start":{"line":325,"column":8},"end":{"line":325,"column":11314}},"39":{"start":{"line":326,"column":12},"end":{"line":326,"column":28}},"40":{"start":{"line":332,"column":8},"end":{"line":332,"column":62}},"41":{"start":{"line":341,"column":8},"end":{"line":341,"column":26}},"42":{"start":{"line":352,"column":8},"end":{"line":352,"column":45}},"43":{"start":{"line":353,"column":8},"end":{"line":353,"column":52}},"44":{"start":{"line":354,"column":8},"end":{"line":354,"column":44}},"45":{"start":{"line":355,"column":8},"end":{"line":355,"column":74}},"46":{"start":{"line":356,"column":8},"end":{"line":356,"column":20}},"47":{"start":{"line":358,"column":8},"end":{"line":358,"column":46}},"48":{"start":{"line":365,"column":8},"end":{"line":365,"column":70}},"49":{"start":{"line":372,"column":8},"end":{"line":372,"column":39}},"50":{"start":{"line":373,"column":8},"end":{"line":373,"column":46}},"51":{"start":{"line":374,"column":8},"end":{"line":374,"column":57}},"52":{"start":{"line":375,"column":8},"end":{"line":375,"column":46}},"53":{"start":{"line":377,"column":8},"end":{"line":377,"column":13340}},"54":{"start":{"line":378,"column":12},"end":{"line":378,"column":83}},"55":{"start":{"line":379,"column":12},"end":{"line":379,"column":85}},"56":{"start":{"line":383,"column":8},"end":{"line":383,"column":109}},"57":{"start":{"line":390,"column":8},"end":{"line":390,"column":41}},"58":{"start":{"line":397,"column":8},"end":{"line":397,"column":46}},"59":{"start":{"line":399,"column":8},"end":{"line":399,"column":14365}},"60":{"start":{"line":400,"column":12},"end":{"line":400,"column":14436}},"61":{"start":{"line":413,"column":8},"end":{"line":413,"column":39}},"62":{"start":{"line":415,"column":8},"end":{"line":415,"column":14997}},"63":{"start":{"line":416,"column":12},"end":{"line":416,"column":18}},"64":{"start":{"line":419,"column":8},"end":{"line":419,"column":124}},"65":{"start":{"line":420,"column":8},"end":{"line":420,"column":36}},"66":{"start":{"line":423,"column":8},"end":{"line":423,"column":36}},"67":{"start":{"line":425,"column":8},"end":{"line":425,"column":46}},"68":{"start":{"line":426,"column":8},"end":{"line":426,"column":15421}},"69":{"start":{"line":427,"column":12},"end":{"line":427,"column":83}},"70":{"start":{"line":428,"column":12},"end":{"line":428,"column":40}},"71":{"start":{"line":431,"column":12},"end":{"line":431,"column":40}},"72":{"start":{"line":433,"column":12},"end":{"line":433,"column":101}},"73":{"start":{"line":434,"column":12},"end":{"line":434,"column":40}},"74":{"start":{"line":440,"column":8},"end":{"line":440,"column":67}},"75":{"start":{"line":447,"column":8},"end":{"line":447,"column":36}},"76":{"start":{"line":448,"column":8},"end":{"line":448,"column":16229}},"77":{"start":{"line":449,"column":12},"end":{"line":449,"column":26}},"78":{"start":{"line":457,"column":8},"end":{"line":457,"column":42}},"79":{"start":{"line":458,"column":8},"end":{"line":458,"column":85}},"80":{"start":{"line":460,"column":8},"end":{"line":460,"column":35}},"81":{"start":{"line":461,"column":8},"end":{"line":461,"column":80}},"82":{"start":{"line":463,"column":8},"end":{"line":463,"column":33}},"83":{"start":{"line":474,"column":8},"end":{"line":474,"column":60}},"84":{"start":{"line":475,"column":8},"end":{"line":475,"column":39}},"85":{"start":{"line":476,"column":8},"end":{"line":476,"column":79}},"86":{"start":{"line":478,"column":8},"end":{"line":478,"column":17383}},"87":{"start":{"line":479,"column":12},"end":{"line":479,"column":92}},"88":{"start":{"line":482,"column":8},"end":{"line":482,"column":30}},"89":{"start":{"line":492,"column":8},"end":{"line":492,"column":39}},"90":{"start":{"line":493,"column":8},"end":{"line":493,"column":51}},"91":{"start":{"line":495,"column":8},"end":{"line":495,"column":77}},"92":{"start":{"line":497,"column":8},"end":{"line":497,"column":23}},"93":{"start":{"line":499,"column":8},"end":{"line":499,"column":111}},"94":{"start":{"line":501,"column":8},"end":{"line":501,"column":18199}},"95":{"start":{"line":505,"column":8},"end":{"line":505,"column":18327}},"96":{"start":{"line":507,"column":12},"end":{"line":507,"column":18420}},"97":{"start":{"line":516,"column":8},"end":{"line":516,"column":54}},"98":{"start":{"line":525,"column":8},"end":{"line":525,"column":39}},"99":{"start":{"line":526,"column":8},"end":{"line":526,"column":51}},"100":{"start":{"line":528,"column":8},"end":{"line":528,"column":32}},"101":{"start":{"line":529,"column":8},"end":{"line":529,"column":23}},"102":{"start":{"line":530,"column":8},"end":{"line":530,"column":19213}},"103":{"start":{"line":531,"column":12},"end":{"line":531,"column":19284}},"104":{"start":{"line":538,"column":8},"end":{"line":538,"column":19495}},"105":{"start":{"line":542,"column":8},"end":{"line":542,"column":19643}},"106":{"start":{"line":543,"column":12},"end":{"line":543,"column":31}},"107":{"start":{"line":546,"column":8},"end":{"line":546,"column":19740}},"108":{"start":{"line":547,"column":12},"end":{"line":547,"column":19785}},"109":{"start":{"line":548,"column":16},"end":{"line":548,"column":61}},"110":{"start":{"line":550,"column":16},"end":{"line":550,"column":86}},"111":{"start":{"line":554,"column":8},"end":{"line":554,"column":71}},"112":{"start":{"line":563,"column":8},"end":{"line":563,"column":39}},"113":{"start":{"line":564,"column":8},"end":{"line":564,"column":51}},"114":{"start":{"line":566,"column":8},"end":{"line":566,"column":23}},"115":{"start":{"line":568,"column":8},"end":{"line":568,"column":135}},"116":{"start":{"line":570,"column":8},"end":{"line":570,"column":20615}},"117":{"start":{"line":572,"column":12},"end":{"line":572,"column":62}},"118":{"start":{"line":577,"column":8},"end":{"line":577,"column":54}},"119":{"start":{"line":589,"column":8},"end":{"line":589,"column":39}},"120":{"start":{"line":590,"column":8},"end":{"line":590,"column":51}},"121":{"start":{"line":592,"column":8},"end":{"line":592,"column":23}},"122":{"start":{"line":594,"column":8},"end":{"line":594,"column":21435}},"123":{"start":{"line":596,"column":12},"end":{"line":596,"column":90}},"124":{"start":{"line":597,"column":12},"end":{"line":597,"column":75}},"125":{"start":{"line":599,"column":12},"end":{"line":599,"column":58}},"126":{"start":{"line":601,"column":12},"end":{"line":601,"column":92}},"127":{"start":{"line":602,"column":12},"end":{"line":602,"column":67}},"128":{"start":{"line":604,"column":12},"end":{"line":604,"column":22038}},"129":{"start":{"line":605,"column":16},"end":{"line":605,"column":106}},"130":{"start":{"line":606,"column":16},"end":{"line":606,"column":65}},"131":{"start":{"line":611,"column":8},"end":{"line":611,"column":22335}},"132":{"start":{"line":612,"column":12},"end":{"line":612,"column":78}},"133":{"start":{"line":613,"column":12},"end":{"line":613,"column":54}},"134":{"start":{"line":617,"column":8},"end":{"line":617,"column":84}},"135":{"start":{"line":618,"column":8},"end":{"line":618,"column":55}},"136":{"start":{"line":622,"column":8},"end":{"line":622,"column":97}},"137":{"start":{"line":623,"column":8},"end":{"line":623,"column":71}},"138":{"start":{"line":626,"column":8},"end":{"line":626,"column":65}},"139":{"start":{"line":630,"column":8},"end":{"line":630,"column":47}},"140":{"start":{"line":640,"column":8},"end":{"line":640,"column":63}},"141":{"start":{"line":642,"column":8},"end":{"line":642,"column":23694}},"142":{"start":{"line":643,"column":12},"end":{"line":643,"column":46}},"143":{"start":{"line":645,"column":12},"end":{"line":645,"column":42}},"144":{"start":{"line":656,"column":8},"end":{"line":656,"column":24127}},"145":{"start":{"line":660,"column":8},"end":{"line":660,"column":51}},"146":{"start":{"line":661,"column":8},"end":{"line":661,"column":24287}},"147":{"start":{"line":662,"column":12},"end":{"line":662,"column":24327}}},"branchMap":{"1":{"line":138,"type":"if","locations":[{"start":{"line":138,"column":8},"end":{"line":138,"column":8}},{"start":{"line":138,"column":8},"end":{"line":138,"column":8}}]},"2":{"line":143,"type":"if","locations":[{"start":{"line":143,"column":8},"end":{"line":143,"column":8}},{"start":{"line":143,"column":8},"end":{"line":143,"column":8}}]},"3":{"line":148,"type":"if","locations":[{"start":{"line":148,"column":8},"end":{"line":148,"column":8}},{"start":{"line":148,"column":8},"end":{"line":148,"column":8}}]},"4":{"line":160,"type":"if","locations":[{"start":{"line":160,"column":13},"end":{"line":160,"column":13}},{"start":{"line":160,"column":13},"end":{"line":160,"column":13}}]},"5":{"line":161,"type":"if","locations":[{"start":{"line":161,"column":8},"end":{"line":161,"column":8}},{"start":{"line":161,"column":8},"end":{"line":161,"column":8}}]},"6":{"line":179,"type":"if","locations":[{"start":{"line":179,"column":8},"end":{"line":179,"column":8}},{"start":{"line":179,"column":8},"end":{"line":179,"column":8}}]},"7":{"line":190,"type":"if","locations":[{"start":{"line":190,"column":50},"end":{"line":190,"column":50}},{"start":{"line":190,"column":50},"end":{"line":190,"column":50}}]},"8":{"line":199,"type":"if","locations":[{"start":{"line":199,"column":36},"end":{"line":199,"column":36}},{"start":{"line":199,"column":36},"end":{"line":199,"column":36}}]},"9":{"line":200,"type":"if","locations":[{"start":{"line":200,"column":8},"end":{"line":200,"column":8}},{"start":{"line":200,"column":8},"end":{"line":200,"column":8}}]},"10":{"line":210,"type":"if","locations":[{"start":{"line":210,"column":38},"end":{"line":210,"column":38}},{"start":{"line":210,"column":38},"end":{"line":210,"column":38}}]},"11":{"line":211,"type":"if","locations":[{"start":{"line":211,"column":8},"end":{"line":211,"column":8}},{"start":{"line":211,"column":8},"end":{"line":211,"column":8}}]},"12":{"line":221,"type":"if","locations":[{"start":{"line":221,"column":33},"end":{"line":221,"column":33}},{"start":{"line":221,"column":33},"end":{"line":221,"column":33}}]},"13":{"line":222,"type":"if","locations":[{"start":{"line":222,"column":8},"end":{"line":222,"column":8}},{"start":{"line":222,"column":8},"end":{"line":222,"column":8}}]},"14":{"line":232,"type":"if","locations":[{"start":{"line":232,"column":35},"end":{"line":232,"column":35}},{"start":{"line":232,"column":35},"end":{"line":232,"column":35}}]},"15":{"line":233,"type":"if","locations":[{"start":{"line":233,"column":8},"end":{"line":233,"column":8}},{"start":{"line":233,"column":8},"end":{"line":233,"column":8}}]},"16":{"line":243,"type":"if","locations":[{"start":{"line":243,"column":55},"end":{"line":243,"column":55}},{"start":{"line":243,"column":55},"end":{"line":243,"column":55}}]},"17":{"line":244,"type":"if","locations":[{"start":{"line":244,"column":8},"end":{"line":244,"column":8}},{"start":{"line":244,"column":8},"end":{"line":244,"column":8}}]},"18":{"line":254,"type":"if","locations":[{"start":{"line":254,"column":51},"end":{"line":254,"column":51}},{"start":{"line":254,"column":51},"end":{"line":254,"column":51}}]},"19":{"line":255,"type":"if","locations":[{"start":{"line":255,"column":8},"end":{"line":255,"column":8}},{"start":{"line":255,"column":8},"end":{"line":255,"column":8}}]},"20":{"line":265,"type":"if","locations":[{"start":{"line":265,"column":67},"end":{"line":265,"column":67}},{"start":{"line":265,"column":67},"end":{"line":265,"column":67}}]},"21":{"line":266,"type":"if","locations":[{"start":{"line":266,"column":8},"end":{"line":266,"column":8}},{"start":{"line":266,"column":8},"end":{"line":266,"column":8}}]},"22":{"line":277,"type":"if","locations":[{"start":{"line":277,"column":150},"end":{"line":277,"column":150}},{"start":{"line":277,"column":150},"end":{"line":277,"column":150}}]},"23":{"line":279,"type":"if","locations":[{"start":{"line":279,"column":8},"end":{"line":279,"column":8}},{"start":{"line":279,"column":8},"end":{"line":279,"column":8}}]},"24":{"line":280,"type":"if","locations":[{"start":{"line":280,"column":12},"end":{"line":280,"column":12}},{"start":{"line":280,"column":12},"end":{"line":280,"column":12}}]},"25":{"line":282,"type":"if","locations":[{"start":{"line":282,"column":12},"end":{"line":282,"column":12}},{"start":{"line":282,"column":12},"end":{"line":282,"column":12}}]},"26":{"line":286,"type":"if","locations":[{"start":{"line":286,"column":8},"end":{"line":286,"column":8}},{"start":{"line":286,"column":8},"end":{"line":286,"column":8}}]},"27":{"line":287,"type":"if","locations":[{"start":{"line":287,"column":8},"end":{"line":287,"column":8}},{"start":{"line":287,"column":8},"end":{"line":287,"column":8}}]},"28":{"line":289,"type":"if","locations":[{"start":{"line":289,"column":8},"end":{"line":289,"column":8}},{"start":{"line":289,"column":8},"end":{"line":289,"column":8}}]},"29":{"line":293,"type":"if","locations":[{"start":{"line":293,"column":62},"end":{"line":293,"column":73}},{"start":{"line":293,"column":77},"end":{"line":293,"column":86}}]},"30":{"line":312,"type":"if","locations":[{"start":{"line":312,"column":102},"end":{"line":312,"column":102}},{"start":{"line":312,"column":102},"end":{"line":312,"column":102}}]},"31":{"line":312,"type":"if","locations":[{"start":{"line":312,"column":123},"end":{"line":312,"column":123}},{"start":{"line":312,"column":123},"end":{"line":312,"column":123}}]},"32":{"line":322,"type":"if","locations":[{"start":{"line":322,"column":87},"end":{"line":322,"column":87}},{"start":{"line":322,"column":87},"end":{"line":322,"column":87}}]},"33":{"line":322,"type":"if","locations":[{"start":{"line":322,"column":108},"end":{"line":322,"column":108}},{"start":{"line":322,"column":108},"end":{"line":322,"column":108}}]},"34":{"line":323,"type":"if","locations":[{"start":{"line":323,"column":8},"end":{"line":323,"column":8}},{"start":{"line":323,"column":8},"end":{"line":323,"column":8}}]},"35":{"line":325,"type":"if","locations":[{"start":{"line":325,"column":8},"end":{"line":325,"column":8}},{"start":{"line":325,"column":8},"end":{"line":325,"column":8}}]},"36":{"line":352,"type":"if","locations":[{"start":{"line":352,"column":8},"end":{"line":352,"column":8}},{"start":{"line":352,"column":8},"end":{"line":352,"column":8}}]},"37":{"line":353,"type":"if","locations":[{"start":{"line":353,"column":8},"end":{"line":353,"column":8}},{"start":{"line":353,"column":8},"end":{"line":353,"column":8}}]},"38":{"line":354,"type":"if","locations":[{"start":{"line":354,"column":8},"end":{"line":354,"column":8}},{"start":{"line":354,"column":8},"end":{"line":354,"column":8}}]},"39":{"line":355,"type":"if","locations":[{"start":{"line":355,"column":8},"end":{"line":355,"column":8}},{"start":{"line":355,"column":8},"end":{"line":355,"column":8}}]},"40":{"line":358,"type":"if","locations":[{"start":{"line":358,"column":8},"end":{"line":358,"column":8}},{"start":{"line":358,"column":8},"end":{"line":358,"column":8}}]},"41":{"line":364,"type":"if","locations":[{"start":{"line":364,"column":67},"end":{"line":364,"column":67}},{"start":{"line":364,"column":67},"end":{"line":364,"column":67}}]},"42":{"line":371,"type":"if","locations":[{"start":{"line":371,"column":100},"end":{"line":371,"column":100}},{"start":{"line":371,"column":100},"end":{"line":371,"column":100}}]},"43":{"line":377,"type":"if","locations":[{"start":{"line":377,"column":8},"end":{"line":377,"column":8}},{"start":{"line":377,"column":8},"end":{"line":377,"column":8}}]},"44":{"line":389,"type":"if","locations":[{"start":{"line":389,"column":66},"end":{"line":389,"column":66}},{"start":{"line":389,"column":66},"end":{"line":389,"column":66}}]},"45":{"line":396,"type":"if","locations":[{"start":{"line":396,"column":64},"end":{"line":396,"column":64}},{"start":{"line":396,"column":64},"end":{"line":396,"column":64}}]},"46":{"line":400,"type":"if","locations":[{"start":{"line":400,"column":12},"end":{"line":400,"column":12}},{"start":{"line":400,"column":12},"end":{"line":400,"column":12}}]},"47":{"line":412,"type":"if","locations":[{"start":{"line":412,"column":45},"end":{"line":412,"column":45}},{"start":{"line":412,"column":45},"end":{"line":412,"column":45}}]},"48":{"line":415,"type":"if","locations":[{"start":{"line":415,"column":8},"end":{"line":415,"column":8}},{"start":{"line":415,"column":8},"end":{"line":415,"column":8}}]},"49":{"line":420,"type":"if","locations":[{"start":{"line":420,"column":8},"end":{"line":420,"column":8}},{"start":{"line":420,"column":8},"end":{"line":420,"column":8}}]},"50":{"line":423,"type":"if","locations":[{"start":{"line":423,"column":8},"end":{"line":423,"column":8}},{"start":{"line":423,"column":8},"end":{"line":423,"column":8}}]},"51":{"line":426,"type":"if","locations":[{"start":{"line":426,"column":8},"end":{"line":426,"column":8}},{"start":{"line":426,"column":8},"end":{"line":426,"column":8}}]},"52":{"line":428,"type":"if","locations":[{"start":{"line":428,"column":12},"end":{"line":428,"column":12}},{"start":{"line":428,"column":12},"end":{"line":428,"column":12}}]},"53":{"line":431,"type":"if","locations":[{"start":{"line":431,"column":12},"end":{"line":431,"column":12}},{"start":{"line":431,"column":12},"end":{"line":431,"column":12}}]},"54":{"line":434,"type":"if","locations":[{"start":{"line":434,"column":12},"end":{"line":434,"column":12}},{"start":{"line":434,"column":12},"end":{"line":434,"column":12}}]},"55":{"line":456,"type":"if","locations":[{"start":{"line":456,"column":33},"end":{"line":456,"column":33}},{"start":{"line":456,"column":33},"end":{"line":456,"column":33}}]},"56":{"line":458,"type":"if","locations":[{"start":{"line":458,"column":8},"end":{"line":458,"column":8}},{"start":{"line":458,"column":8},"end":{"line":458,"column":8}}]},"57":{"line":461,"type":"if","locations":[{"start":{"line":461,"column":8},"end":{"line":461,"column":8}},{"start":{"line":461,"column":8},"end":{"line":461,"column":8}}]},"58":{"line":473,"type":"if","locations":[{"start":{"line":473,"column":59},"end":{"line":473,"column":59}},{"start":{"line":473,"column":59},"end":{"line":473,"column":59}}]},"59":{"line":473,"type":"if","locations":[{"start":{"line":473,"column":75},"end":{"line":473,"column":75}},{"start":{"line":473,"column":75},"end":{"line":473,"column":75}}]},"60":{"line":474,"type":"if","locations":[{"start":{"line":474,"column":8},"end":{"line":474,"column":8}},{"start":{"line":474,"column":8},"end":{"line":474,"column":8}}]},"61":{"line":476,"type":"if","locations":[{"start":{"line":476,"column":8},"end":{"line":476,"column":8}},{"start":{"line":476,"column":8},"end":{"line":476,"column":8}}]},"62":{"line":478,"type":"if","locations":[{"start":{"line":478,"column":8},"end":{"line":478,"column":8}},{"start":{"line":478,"column":8},"end":{"line":478,"column":8}}]},"63":{"line":491,"type":"if","locations":[{"start":{"line":491,"column":59},"end":{"line":491,"column":59}},{"start":{"line":491,"column":59},"end":{"line":491,"column":59}}]},"64":{"line":491,"type":"if","locations":[{"start":{"line":491,"column":75},"end":{"line":491,"column":75}},{"start":{"line":491,"column":75},"end":{"line":491,"column":75}}]},"65":{"line":491,"type":"if","locations":[{"start":{"line":491,"column":90},"end":{"line":491,"column":90}},{"start":{"line":491,"column":90},"end":{"line":491,"column":90}}]},"66":{"line":495,"type":"if","locations":[{"start":{"line":495,"column":8},"end":{"line":495,"column":8}},{"start":{"line":495,"column":8},"end":{"line":495,"column":8}}]},"67":{"line":501,"type":"if","locations":[{"start":{"line":501,"column":8},"end":{"line":501,"column":8}},{"start":{"line":501,"column":8},"end":{"line":501,"column":8}}]},"68":{"line":505,"type":"if","locations":[{"start":{"line":505,"column":8},"end":{"line":505,"column":8}},{"start":{"line":505,"column":8},"end":{"line":505,"column":8}}]},"69":{"line":524,"type":"if","locations":[{"start":{"line":524,"column":43},"end":{"line":524,"column":43}},{"start":{"line":524,"column":43},"end":{"line":524,"column":43}}]},"70":{"line":524,"type":"if","locations":[{"start":{"line":524,"column":59},"end":{"line":524,"column":59}},{"start":{"line":524,"column":59},"end":{"line":524,"column":59}}]},"71":{"line":524,"type":"if","locations":[{"start":{"line":524,"column":74},"end":{"line":524,"column":74}},{"start":{"line":524,"column":74},"end":{"line":524,"column":74}}]},"72":{"line":531,"type":"if","locations":[{"start":{"line":531,"column":12},"end":{"line":531,"column":12}},{"start":{"line":531,"column":12},"end":{"line":531,"column":12}}]},"73":{"line":546,"type":"if","locations":[{"start":{"line":546,"column":8},"end":{"line":546,"column":8}},{"start":{"line":546,"column":8},"end":{"line":546,"column":8}}]},"74":{"line":547,"type":"if","locations":[{"start":{"line":547,"column":12},"end":{"line":547,"column":12}},{"start":{"line":547,"column":12},"end":{"line":547,"column":12}}]},"75":{"line":562,"type":"if","locations":[{"start":{"line":562,"column":40},"end":{"line":562,"column":40}},{"start":{"line":562,"column":40},"end":{"line":562,"column":40}}]},"76":{"line":562,"type":"if","locations":[{"start":{"line":562,"column":56},"end":{"line":562,"column":56}},{"start":{"line":562,"column":56},"end":{"line":562,"column":56}}]},"77":{"line":562,"type":"if","locations":[{"start":{"line":562,"column":71},"end":{"line":562,"column":71}},{"start":{"line":562,"column":71},"end":{"line":562,"column":71}}]},"78":{"line":570,"type":"if","locations":[{"start":{"line":570,"column":8},"end":{"line":570,"column":8}},{"start":{"line":570,"column":8},"end":{"line":570,"column":8}}]},"79":{"line":594,"type":"if","locations":[{"start":{"line":594,"column":8},"end":{"line":594,"column":8}},{"start":{"line":594,"column":8},"end":{"line":594,"column":8}}]},"80":{"line":597,"type":"if","locations":[{"start":{"line":597,"column":12},"end":{"line":597,"column":12}},{"start":{"line":597,"column":12},"end":{"line":597,"column":12}}]},"81":{"line":599,"type":"if","locations":[{"start":{"line":599,"column":12},"end":{"line":599,"column":12}},{"start":{"line":599,"column":12},"end":{"line":599,"column":12}}]},"82":{"line":602,"type":"if","locations":[{"start":{"line":602,"column":12},"end":{"line":602,"column":12}},{"start":{"line":602,"column":12},"end":{"line":602,"column":12}}]},"83":{"line":604,"type":"if","locations":[{"start":{"line":604,"column":12},"end":{"line":604,"column":12}},{"start":{"line":604,"column":12},"end":{"line":604,"column":12}}]},"84":{"line":606,"type":"if","locations":[{"start":{"line":606,"column":16},"end":{"line":606,"column":16}},{"start":{"line":606,"column":16},"end":{"line":606,"column":16}}]},"85":{"line":611,"type":"if","locations":[{"start":{"line":611,"column":8},"end":{"line":611,"column":8}},{"start":{"line":611,"column":8},"end":{"line":611,"column":8}}]},"86":{"line":613,"type":"if","locations":[{"start":{"line":613,"column":12},"end":{"line":613,"column":12}},{"start":{"line":613,"column":12},"end":{"line":613,"column":12}}]},"87":{"line":618,"type":"if","locations":[{"start":{"line":618,"column":8},"end":{"line":618,"column":8}},{"start":{"line":618,"column":8},"end":{"line":618,"column":8}}]},"88":{"line":623,"type":"if","locations":[{"start":{"line":623,"column":8},"end":{"line":623,"column":8}},{"start":{"line":623,"column":8},"end":{"line":623,"column":8}}]},"89":{"line":626,"type":"if","locations":[{"start":{"line":626,"column":8},"end":{"line":626,"column":8}},{"start":{"line":626,"column":8},"end":{"line":626,"column":8}}]},"90":{"line":642,"type":"if","locations":[{"start":{"line":642,"column":8},"end":{"line":642,"column":8}},{"start":{"line":642,"column":8},"end":{"line":642,"column":8}}]},"91":{"line":660,"type":"if","locations":[{"start":{"line":660,"column":8},"end":{"line":660,"column":8}},{"start":{"line":660,"column":8},"end":{"line":660,"column":8}}]},"92":{"line":661,"type":"if","locations":[{"start":{"line":661,"column":8},"end":{"line":661,"column":8}},{"start":{"line":661,"column":8},"end":{"line":661,"column":8}}]},"93":{"line":662,"type":"if","locations":[{"start":{"line":662,"column":12},"end":{"line":662,"column":12}},{"start":{"line":662,"column":12},"end":{"line":662,"column":12}}]}}},"contracts\\RewardToken.sol":{"l":{"9":25},"path":"F:\\solidity_projects\\solidity_task\\MetaNodeStake\\contracts\\RewardToken.sol","s":{"1":25},"b":{},"f":{"1":25},"fnMap":{"1":{"name":"constructor","line":7,"loc":{"start":{"line":7,"column":4},"end":{"line":10,"column":4}}}},"statementMap":{"1":{"start":{"line":9,"column":9},"end":{"line":9,"column":61}}},"branchMap":{}}}